Original paths: []
Filtered hidden: ['OSCP', 'ECO', 'Francese', 'tmp', 'Organizzazione.md', 'a']
Original paths: []
Filtered hidden: []
Original paths: []
Filtered hidden: ['HLW', 'CNP']
Original paths: []
Filtered hidden: ['Chapter1', 'Chapter2', 'Chapter3', 'Chapter4', 'Chapter5']
Original paths: []
Filtered hidden: ['Chapter-1 Summary.md', 'Wireshark.md', 'Encapsulation and De-encapsulation.md']
Original paths: []
Filtered hidden: ['OSCP', 'ECO', 'Francese', 'tmp', 'Organizzazione.md']
Original paths: []
Filtered hidden: []
Original paths: []
Filtered hidden: ['A1']
Original paths: []
Filtered hidden: ['OSCP', 'ECO', 'Francese', 'tmp', 'Organizzazione.md']
Original paths: []
Filtered hidden: ['Politecnico', 'Economia', 'AI', 'Scuola', 'Francese', 'CS']
Original paths: []
Filtered hidden: ['PA', 'CdG']
Original paths: []
Filtered hidden: ['Riassunto C1.md', 'Feedforward.md', 'Riassunto C2.md', 'Costi discrezionali.md', 'Contabilità semplificata VS Centri di costo VS ABC.md', 'ABC.md', 'CRV e produzione eterogenea.md', 'Riassunto C3 P1.md', 'Riassunto C3 P2.md', 'Costi Standard.md']
Original paths: []
Filtered hidden: ['HLW', 'CNP', 'ds']
Original paths: []
Filtered hidden: ['Chapter1', 'Chapter2', 'Chapter3', 'Chapter4', 'Chapter5']
Original paths: []
Filtered hidden: ['OSCP', 'ECO', 'Francese', 'tmp', 'Organizzazione.md']
Original paths: []
Filtered hidden: ['HLW', 'CNP']
Original paths: []
Filtered hidden: ['Chapter1', 'Chapter2', 'Chapter3', 'Chapter4', 'Chapter5']
Original paths: []
Filtered hidden: ['Chapter-5 Summary.md', 'Router e Switch.md']
Original paths: []
Filtered hidden: ['OSCP', 'ECO', 'Francese', 'tmp', 'Organizzazione.md']
Original paths: []
Filtered hidden: ['HLW', 'CNP']
Original paths: []
Filtered hidden: ['Chapter1', 'Chapter2', 'Chapter3', 'Chapter4', 'Chapter5']
Original paths: []
Filtered hidden: ['Chapter-5 Summary.md', 'Router e Switch.md']
Original paths: []
Filtered hidden: ['OSCP', 'ECO', 'Francese', 'tmp', 'Organizzazione.md']
Original paths: []
Filtered hidden: ['HLW', 'CNP']
Original paths: []
Filtered hidden: ['Chapter1', 'Chapter2', 'Chapter3', 'Chapter4', 'Chapter5']
Original paths: []
Filtered hidden: ['Chapter-5 Summary.md', 'Router e Switch.md']
